#
# There is insufficient memory for the Java Runtime Environment to continue.
# Native memory allocation (mmap) failed to map 132120576 bytes for Failed to commit area from 0x0000000083200000 to 0x000000008b000000 of length 132120576.
# Possible reasons:
#   The system is out of physical RAM or swap space
#   The process is running with CompressedOops enabled, and the Java Heap may be blocking the growth of the native heap
# Possible solutions:
#   Reduce memory load on the system
#   Increase physical memory or swap space
#   Check if swap backing store is full
#   Decrease Java heap size (-Xmx/-Xms)
#   Decrease number of Java threads
#   Decrease Java thread stack sizes (-Xss)
#   Set larger code cache with -XX:ReservedCodeCacheSize=
#   JVM is running with Unscaled Compressed Oops mode in which the Java heap is
#     placed in the first 4GB address space. The Java Heap base address is the
#     maximum limit for the native heap growth. Please use -XX:HeapBaseMinAddress
#     to set the Java Heap base and to place the Java Heap above 4GB virtual address.
# This output file may be truncated or incomplete.
#
#  Out of Memory Error (./open/src/hotspot/os/windows/os_windows.cpp:3315), pid=17512, tid=20168
#
# JRE version:  (14.0.2+12) (build )
# Java VM: OpenJDK 64-Bit Server VM (14.0.2+12-46, mixed mode, sharing, tiered, compressed oops, g1 gc, windows-amd64)
# No core dump will be written. Minidumps are not enabled by default on client versions of Windows
#

---------------  S U M M A R Y ------------

Command Line: -Dfile.encoding=Cp1252 -XX:+ShowCodeDetailsInExceptionMessages com.jinvoice.Main

Host: Intel(R) Core(TM) i5-10300H CPU @ 2.50GHz, 8 cores, 7G,  Windows 10 , 64 bit Build 19041 (10.0.19041.1151)
Time: Mon Aug 16 20:49:02 2021 AUS Eastern Standard Time elapsed time: 0 seconds (0d 0h 0m 0s)

---------------  T H R E A D  ---------------

Current thread (0x0000024e240c1800):  JavaThread "Unknown thread" [_thread_in_vm, id=20168, stack(0x000000b329800000,0x000000b329900000)]

Stack: [0x000000b329800000,0x000000b329900000]
Native frames: (J=compiled Java code, j=interpreted, Vv=VM code, C=native code)
V  [jvm.dll+0x5f8a9a]
V  [jvm.dll+0x74247a]
V  [jvm.dll+0x743c2f]
V  [jvm.dll+0x744273]
V  [jvm.dll+0x20d288]
V  [jvm.dll+0x5f5dea]
V  [jvm.dll+0x5eac45]
V  [jvm.dll+0x2c7e9c]
V  [jvm.dll+0x2c7cd2]
V  [jvm.dll+0x2cdbbc]
V  [jvm.dll+0x313fe8]
V  [jvm.dll+0x313710]
V  [jvm.dll+0x2a092a]
V  [jvm.dll+0x2a1a79]
V  [jvm.dll+0x71fd48]
V  [jvm.dll+0x321c14]
V  [jvm.dll+0x70112c]
V  [jvm.dll+0x392def]
V  [jvm.dll+0x394e61]
C  [jli.dll+0x524b]
C  [ucrtbase.dll+0x21bb2]
C  [KERNEL32.DLL+0x17034]
C  [ntdll.dll+0x52651]


---------------  P R O C E S S  ---------------

Threads class SMR info:
_java_thread_list=0x00007ffe5cd53038, length=0, elements={
}

Java Threads: ( => current thread )

Other Threads:
  0x0000024e24103800 GCTaskThread "GC Thread#0" [stack: 0x000000b329900000,0x000000b329a00000] [id=12652]
  0x0000024e24116800 ConcurrentGCThread "G1 Main Marker" [stack: 0x000000b329a00000,0x000000b329b00000] [id=3216]
  0x0000024e24117800 ConcurrentGCThread "G1 Conc#0" [stack: 0x000000b329b00000,0x000000b329c00000] [id=23828]

[error occurred during error reporting (printing all threads), id 0xc0000005, EXCEPTION_ACCESS_VIOLATION (0xc0000005) at pc=0x00007ffe5c581257]

VM state:not at safepoint (not fully initialized)

VM Mutex/Monitor currently owned by a thread:  ([mutex/lock_event])
[0x0000024e240bc860] Heap_lock - owner thread: 0x0000024e240c1800

Heap address: 0x0000000083200000, size: 1998 MB, Compressed Oops mode: 32-bit
Narrow klass base: 0x0000000000000000, Narrow klass shift: 0

GC Heap History (0 events):
No events

Deoptimization events (0 events):
No events

Classes unloaded (0 events):
No events

Classes redefined (0 events):
No events

Internal exceptions (0 events):
No events

Events (2 events):
Event: 0.012 Loaded shared library C:\Users\alexc\.p2\pool\plugins\org.eclipse.justj.openjdk.hotspot.jre.full.win32.x86_64_14.0.2.v20200815-0932\jre\bin\java.dll
Event: 0.013 Loaded shared library C:\Users\alexc\.p2\pool\plugins\org.eclipse.justj.openjdk.hotspot.jre.full.win32.x86_64_14.0.2.v20200815-0932\jre\bin\zip.dll


Dynamic libraries:
0x00007ff6cc950000 - 0x00007ff6cc95d000 	C:\Users\alexc\.p2\pool\plugins\org.eclipse.justj.openjdk.hotspot.jre.full.win32.x86_64_14.0.2.v20200815-0932\jre\bin\javaw.exe
0x00007ffeea730000 - 0x00007ffeea925000 	C:\Windows\SYSTEM32\ntdll.dll
0x00007ffeb66d0000 - 0x00007ffeb66e3000 	C:\Program Files\AVG\Antivirus\aswhook.dll
0x00007ffee8cb0000 - 0x00007ffee8d6d000 	C:\Windows\System32\KERNEL32.DLL
0x00007ffee83e0000 - 0x00007ffee86a9000 	C:\Windows\System32\KERNELBASE.dll
0x00007ffee8230000 - 0x00007ffee8330000 	C:\Windows\System32\ucrtbase.dll
0x00007ffecea90000 - 0x00007ffeceaa8000 	C:\Users\alexc\.p2\pool\plugins\org.eclipse.justj.openjdk.hotspot.jre.full.win32.x86_64_14.0.2.v20200815-0932\jre\bin\jli.dll
0x00007ffece5a0000 - 0x00007ffece5b5000 	C:\Users\alexc\.p2\pool\plugins\org.eclipse.justj.openjdk.hotspot.jre.full.win32.x86_64_14.0.2.v20200815-0932\jre\bin\VCRUNTIME140.dll
0x00007ffee9a40000 - 0x00007ffee9be0000 	C:\Windows\System32\USER32.dll
0x00007ffee7e60000 - 0x00007ffee7e82000 	C:\Windows\System32\win32u.dll
0x00007ffee8990000 - 0x00007ffee89ba000 	C:\Windows\System32\GDI32.dll
0x00007ffec1ca0000 - 0x00007ffec1f3a000 	C:\Windows\WinSxS\amd64_microsoft.windows.common-controls_6595b64144ccf1df_6.0.19041.1110_none_60b5254171f9507e\COMCTL32.dll
0x00007ffee7ec0000 - 0x00007ffee7fcb000 	C:\Windows\System32\gdi32full.dll
0x00007ffee88d0000 - 0x00007ffee896e000 	C:\Windows\System32\msvcrt.dll
0x00007ffee7fd0000 - 0x00007ffee806d000 	C:\Windows\System32\msvcp_win.dll
0x00007ffeea360000 - 0x00007ffeea390000 	C:\Windows\System32\IMM32.DLL
0x00007ffebda30000 - 0x00007ffebdacb000 	C:\Users\alexc\.p2\pool\plugins\org.eclipse.justj.openjdk.hotspot.jre.full.win32.x86_64_14.0.2.v20200815-0932\jre\bin\msvcp140.dll
0x00007ffe5c2d0000 - 0x00007ffe5cdee000 	C:\Users\alexc\.p2\pool\plugins\org.eclipse.justj.openjdk.hotspot.jre.full.win32.x86_64_14.0.2.v20200815-0932\jre\bin\server\jvm.dll
0x00007ffee9740000 - 0x00007ffee97ec000 	C:\Windows\System32\ADVAPI32.dll
0x00007ffee8b60000 - 0x00007ffee8bfb000 	C:\Windows\System32\sechost.dll
0x00007ffeea230000 - 0x00007ffeea35a000 	C:\Windows\System32\RPCRT4.dll
0x00007ffee8a20000 - 0x00007ffee8a28000 	C:\Windows\System32\PSAPI.DLL
0x00007ffed7080000 - 0x00007ffed7089000 	C:\Windows\SYSTEM32\WSOCK32.dll
0x00007ffeda390000 - 0x00007ffeda3b7000 	C:\Windows\SYSTEM32\WINMM.dll
0x00007ffede400000 - 0x00007ffede40a000 	C:\Windows\SYSTEM32\VERSION.dll
0x00007ffee9850000 - 0x00007ffee98bb000 	C:\Windows\System32\WS2_32.dll
0x00007ffee5de0000 - 0x00007ffee5df2000 	C:\Windows\SYSTEM32\kernel.appcore.dll
0x00007ffedd4f0000 - 0x00007ffedd4fa000 	C:\Users\alexc\.p2\pool\plugins\org.eclipse.justj.openjdk.hotspot.jre.full.win32.x86_64_14.0.2.v20200815-0932\jre\bin\jimage.dll
0x00007ffee56d0000 - 0x00007ffee58b4000 	C:\Windows\SYSTEM32\DBGHELP.DLL
0x00007ffedc680000 - 0x00007ffedc6ac000 	C:\Windows\SYSTEM32\dbgcore.DLL
0x00007ffee8700000 - 0x00007ffee8783000 	C:\Windows\System32\bcryptPrimitives.dll
0x00007ffece850000 - 0x00007ffece875000 	C:\Users\alexc\.p2\pool\plugins\org.eclipse.justj.openjdk.hotspot.jre.full.win32.x86_64_14.0.2.v20200815-0932\jre\bin\java.dll
0x00007ffeda0a0000 - 0x00007ffeda0b6000 	C:\Users\alexc\.p2\pool\plugins\org.eclipse.justj.openjdk.hotspot.jre.full.win32.x86_64_14.0.2.v20200815-0932\jre\bin\zip.dll

dbghelp: loaded successfully - version: 4.0.5 - missing functions: none
symbol engine: initialized successfully - sym options: 0x614 - pdb path: .;C:\Users\alexc\.p2\pool\plugins\org.eclipse.justj.openjdk.hotspot.jre.full.win32.x86_64_14.0.2.v20200815-0932\jre\bin;C:\Windows\SYSTEM32;C:\Program Files\AVG\Antivirus;C:\Windows\WinSxS\amd64_microsoft.windows.common-controls_6595b64144ccf1df_6.0.19041.1110_none_60b5254171f9507e;C:\Users\alexc\.p2\pool\plugins\org.eclipse.justj.openjdk.hotspot.jre.full.win32.x86_64_14.0.2.v20200815-0932\jre\bin\server

VM Arguments:
jvm_args: -Dfile.encoding=Cp1252 -XX:+ShowCodeDetailsInExceptionMessages 
java_command: com.jinvoice.Main
java_class_path (initial): D:\Projects\GitHub\JInvoice\src\target\classes
Launcher Type: SUN_STANDARD

[Global flags]
     intx CICompilerCount                          = 4                                         {product} {ergonomic}
     uint ConcGCThreads                            = 2                                         {product} {ergonomic}
     uint G1ConcRefinementThreads                  = 8                                         {product} {ergonomic}
   size_t G1HeapRegionSize                         = 1048576                                   {product} {ergonomic}
    uintx GCDrainStackTargetSize                   = 64                                        {product} {ergonomic}
   size_t InitialHeapSize                          = 132120576                                 {product} {ergonomic}
   size_t MarkStackSize                            = 4194304                                   {product} {ergonomic}
   size_t MaxHeapSize                              = 2095054848                                {product} {ergonomic}
   size_t MinHeapDeltaBytes                        = 1048576                                   {product} {ergonomic}
   size_t MinHeapSize                              = 8388608                                   {product} {ergonomic}
    uintx NonNMethodCodeHeapSize                   = 5839372                                {pd product} {ergonomic}
    uintx NonProfiledCodeHeapSize                  = 122909434                              {pd product} {ergonomic}
    uintx ProfiledCodeHeapSize                     = 122909434                              {pd product} {ergonomic}
    uintx ReservedCodeCacheSize                    = 251658240                              {pd product} {ergonomic}
     bool SegmentedCodeCache                       = true                                      {product} {ergonomic}
     bool ShowCodeDetailsInExceptionMessages       = true                                   {manageable} {command line}
   size_t SoftMaxHeapSize                          = 2095054848                             {manageable} {ergonomic}
     bool UseCompressedClassPointers               = true                                 {lp64_product} {ergonomic}
     bool UseCompressedOops                        = true                                 {lp64_product} {ergonomic}
     bool UseG1GC                                  = true                                      {product} {ergonomic}
     bool UseLargePagesIndividualAllocation        = false                                  {pd product} {ergonomic}

Logging:
Log output configuration:
 #0: stdout all=warning uptime,level,tags
 #1: stderr all=off uptime,level,tags

Environment Variables:
PATH=C:/Users/alexc/.p2/pool/plugins/org.eclipse.justj.openjdk.hotspot.jre.full.win32.x86_64_14.0.2.v20200815-0932/jre/bin/server;C:/Users/alexc/.p2/pool/plugins/org.eclipse.justj.openjdk.hotspot.jre.full.win32.x86_64_14.0.2.v20200815-0932/jre/bin;C:\Program Files\Common Files\Oracle\Java\javapath;C:\Python3.9\Scripts\;C:\Python3.9\;C:\Windows\system32;C:\Windows;C:\Windows\System32\Wbem;C:\Windows\System32\WindowsPowerShell\v1.0\;C:\Windows\System32\OpenSSH\;C:\Program Files (x86)\NVIDIA Corporation\PhysX\Common;C:\Program Files\NVIDIA Corporation\NVIDIA NvDLISR;C:\Program Files\dotnet\;C:\Program Files\Microsoft SQL Server\130\Tools\Binn\;C:\Program Files\Microsoft SQL Server\Client SDK\ODBC\170\Tools\Binn\;C:\Program Files\Git\cmd;C:\Program Files (x86)\Microsoft SQL Server\150\Tools\Binn\;C:\Program Files\Microsoft SQL Server\150\Tools\Binn\;C:\Program Files\Microsoft SQL Server\150\DTS\Binn\;C:\Program Files\Azure Data Studio\bin;C:\Program Files\PuTTY\;D:\Program Files\nodejs\;C:\Users\alexc\AppData\Local\Programs\Python\Python37-32\Scripts\;C:\Users\alexc\AppData\Local\Programs\Python\Python37-32\;C:\Users\alexc\AppData\Local\Microsoft\WindowsApps;C:\Users\alexc\AppData\Local\Programs\Microsoft VS Code\bin;C:\Users\alexc\.dotnet\tools;C:\Users\alexc\AppData\Local\GitHubDesktop\bin;C:\Program Files\JetBrains\PyCharm Community Edition 2020.2.3\bin;;C:\Program Files\Azure Data Studio\bin;C:\Users\alexc\AppData\Local\Programs\Python\Python37-32\Scripts;C:\Users\alexc\AppData\Roaming\npm;D:\Program Files\MiKTeX\miktex\bin\x64\;C:\chromedriver.exe;;C:\Windows\system32;
USERNAME=alexc
OS=Windows_NT
PROCESSOR_IDENTIFIER=Intel64 Family 6 Model 165 Stepping 2, GenuineIntel



---------------  S Y S T E M  ---------------

OS: Windows 10 , 64 bit Build 19041 (10.0.19041.1151)
OS uptime: 0 days 19:14 hours

CPU:total 8 (initial active 8) (4 cores per cpu, 2 threads per core) family 6 model 165 stepping 2, cmov, cx8, fxsr, mmx, sse, sse2, sse3, ssse3, sse4.1, sse4.2, popcnt, avx, avx2, aes, clmul, erms, 3dnowpref, lzcnt, ht, tsc, tscinvbit, bmi1, bmi2, adx, fma

Memory: 4k page, system-wide physical 7985M (970M free)
TotalPageFile size 16053M (AvailPageFile size 37M)
current process WorkingSet (physical memory assigned to process): 10M, peak: 10M
current process commit charge ("private bytes"): 60M, peak: 186M

vm_info: OpenJDK 64-Bit Server VM (14.0.2+12-46) for windows-amd64 JRE (14.0.2+12-46), built on Jul  9 2020 00:31:16 by "mach5one" with MS VC++ 15.9 (VS2017)

END.
