#
# There is insufficient memory for the Java Runtime Environment to continue.
# Native memory allocation (malloc) failed to allocate 1048576 bytes for AllocateHeap
# Possible reasons:
#   The system is out of physical RAM or swap space
#   The process is running with CompressedOops enabled, and the Java Heap may be blocking the growth of the native heap
# Possible solutions:
#   Reduce memory load on the system
#   Increase physical memory or swap space
#   Check if swap backing store is full
#   Decrease Java heap size (-Xmx/-Xms)
#   Decrease number of Java threads
#   Decrease Java thread stack sizes (-Xss)
#   Set larger code cache with -XX:ReservedCodeCacheSize=
#   JVM is running with Unscaled Compressed Oops mode in which the Java heap is
#     placed in the first 4GB address space. The Java Heap base address is the
#     maximum limit for the native heap growth. Please use -XX:HeapBaseMinAddress
#     to set the Java Heap base and to place the Java Heap above 4GB virtual address.
# This output file may be truncated or incomplete.
#
#  Out of Memory Error (./open/src/hotspot/share/memory/allocation.cpp:44), pid=21012, tid=23324
#
# JRE version: OpenJDK Runtime Environment (14.0.2+12) (build 14.0.2+12-46)
# Java VM: OpenJDK 64-Bit Server VM (14.0.2+12-46, mixed mode, tiered, compressed oops, g1 gc, windows-amd64)
# No core dump will be written. Minidumps are not enabled by default on client versions of Windows
#

---------------  S U M M A R Y ------------

Command Line: -Dfile.encoding=Cp1252 -XX:+ShowCodeDetailsInExceptionMessages com.jinvoice.Main

Host: Intel(R) Core(TM) i5-10300H CPU @ 2.50GHz, 8 cores, 7G,  Windows 10 , 64 bit Build 19041 (10.0.19041.1151)
Time: Mon Aug 16 20:47:45 2021 AUS Eastern Standard Time elapsed time: 0 seconds (0d 0h 0m 0s)

---------------  T H R E A D  ---------------

Current thread (0x0000028f46c00800):  VMThread "VM Thread" [stack: 0x0000009033500000,0x0000009033600000] [id=23324]

Stack: [0x0000009033500000,0x0000009033600000]
[error occurred during error reporting (printing stack bounds), id 0xc0000005, EXCEPTION_ACCESS_VIOLATION (0xc0000005) at pc=0x0000028f2fbd10ad]

Native frames: (J=compiled Java code, j=interpreted, Vv=VM code, C=native code)
V  [jvm.dll+0x5f8a9a]
V  [jvm.dll+0x74247a]
V  [jvm.dll+0x743c2f]
V  [jvm.dll+0x7441d5]
V  [jvm.dll+0x74418b]
V  [jvm.dll+0x5f7f6f]
V  [jvm.dll+0x5f8738]
C  [ntdll.dll+0xa217f]
C  [ntdll.dll+0x51454]
C  [ntdll.dll+0xa0cae]
C  0x0000028f2fbd10ad

VM_Operation (0x00000090343fdf70): CollectForMetadataAllocation, mode: safepoint, requested by thread 0x0000028f46cce000


---------------  P R O C E S S  ---------------

Threads class SMR info:
_java_thread_list=0x0000028f471f79b0, length=15, elements={
0x0000028f46c15800, 0x0000028f46c3e800, 0x0000028f46c24000, 0x0000028f46c62800,
0x0000028f46c66000, 0x0000028f46c70800, 0x0000028f46c72800, 0x0000028f46cd0800,
0x0000028f46ccc800, 0x0000028f46ccd000, 0x0000028f46cce800, 0x0000028f46cd3000,
0x0000028f46cce000, 0x0000028f46cd1000, 0x0000028f46cd2000
}

Java Threads: ( => current thread )
  0x0000028f46c15800 JavaThread "Reference Handler" daemon [_thread_blocked, id=22612, stack(0x0000009033600000,0x0000009033700000)]
  0x0000028f46c3e800 JavaThread "Finalizer" daemon [_thread_blocked, id=23664, stack(0x0000009033700000,0x0000009033800000)]
  0x0000028f46c24000 JavaThread "Signal Dispatcher" daemon [_thread_blocked, id=1408, stack(0x0000009033800000,0x0000009033900000)]
  0x0000028f46c62800 JavaThread "Attach Listener" daemon [_thread_blocked, id=2052, stack(0x0000009033900000,0x0000009033a00000)]
  0x0000028f46c66000 JavaThread "Service Thread" daemon [_thread_blocked, id=2312, stack(0x0000009033a00000,0x0000009033b00000)]
  0x0000028f46c70800 JavaThread "C2 CompilerThread0" daemon [_thread_blocked, id=17000, stack(0x0000009033b00000,0x0000009033c00000)]
  0x0000028f46c72800 JavaThread "C1 CompilerThread0" daemon [_thread_blocked, id=18952, stack(0x0000009033c00000,0x0000009033d00000)]
  0x0000028f46cd0800 JavaThread "Sweeper thread" daemon [_thread_blocked, id=3248, stack(0x0000009033d00000,0x0000009033e00000)]
  0x0000028f46ccc800 JavaThread "Notification Thread" daemon [_thread_blocked, id=1236, stack(0x0000009033e00000,0x0000009033f00000)]
  0x0000028f46ccd000 JavaThread "Common-Cleaner" daemon [_thread_blocked, id=23140, stack(0x0000009034000000,0x0000009034100000)]
  0x0000028f46cce800 JavaThread "Java2D Disposer" daemon [_thread_blocked, id=5704, stack(0x0000009034100000,0x0000009034200000)]
  0x0000028f46cd3000 JavaThread "AWT-Shutdown" [_thread_blocked, id=4528, stack(0x0000009034200000,0x0000009034300000)]
  0x0000028f46cce000 JavaThread "AWT-Windows" daemon [_thread_blocked, id=2644, stack(0x0000009034300000,0x0000009034400000)]
  0x0000028f46cd1000 JavaThread "AWT-EventQueue-0" [_thread_in_native, id=22708, stack(0x0000009034400000,0x0000009034500000)]
  0x0000028f46cd2000 JavaThread "DestroyJavaVM" [_thread_blocked, id=22100, stack(0x0000009032f00000,0x0000009033000000)]

Other Threads:
=>0x0000028f46c00800 VMThread "VM Thread" [stack: 0x0000009033500000,0x0000009033600000] [id=23324]
  0x0000028f46e0e000 WatcherThread [stack: 0x0000009033f00000,0x0000009034000000] [id=23180]
  0x0000028f2bf47800 GCTaskThread "GC Thread#0" [stack: 0x0000009033000000,0x0000009033100000] [id=1728]
  0x0000028f472a4800 GCTaskThread "GC Thread#1" [stack: 0x0000009034600000,0x0000009034700000] [id=5712]
  0x0000028f47283000 GCTaskThread "GC Thread#2" [stack: 0x0000009034700000,0x0000009034800000] [id=5344]
  0x0000028f47289000 GCTaskThread "GC Thread#3" [stack: 0x0000009034800000,0x0000009034900000] [id=13456]
  0x0000028f4729c800 GCTaskThread "GC Thread#4" [stack: 0x0000009034900000,0x0000009034a00000] [id=24508]
  0x0000028f4740f000 GCTaskThread "GC Thread#5" [stack: 0x0000009034a00000,0x0000009034b00000] [id=9252]
  0x0000028f2bf96800 ConcurrentGCThread "G1 Main Marker" [stack: 0x0000009033100000,0x0000009033200000] [id=4668]
  0x0000028f2bf97800 ConcurrentGCThread "G1 Conc#0" [stack: 0x0000009033200000,0x0000009033300000] [id=4092]
  0x0000028f471c0800 ConcurrentGCThread "G1 Conc#1" [stack: 0x0000009034b00000,0x0000009034c00000] [id=3152]
  0x0000028f46226800 ConcurrentGCThread "G1 Refine#0" [stack: 0x0000009033300000,0x0000009033400000] [id=21368]
  0x0000028f46228800 ConcurrentGCThread "G1 Young RemSet Sampling" [stack: 0x0000009033400000,0x0000009033500000] [id=7556]

Threads with active compile tasks:

VM state:at safepoint (normal execution)

VM Mutex/Monitor currently owned by a thread:  ([mutex/lock_event])
[0x0000028f2befcb90] Threads_lock - owner thread: 0x0000028f46c00800
[0x0000028f2befdd90] Heap_lock - owner thread: 0x0000028f46cce000

Heap address: 0x0000000083200000, size: 1998 MB, Compressed Oops mode: 32-bit
Narrow klass base: 0x0000000000000000, Narrow klass shift: 3
Compressed class space size: 1073741824 Address: 0x0000000100000000

Heap:
 garbage-first heap   total 129024K, used 1584K [0x0000000083200000, 0x0000000100000000)
  region size 1024K, 2 young (2048K), 2 survivors (2048K)
 Metaspace       used 11573K, capacity 11784K, committed 12032K, reserved 1060864K
  class space    used 1194K, capacity 1268K, committed 1280K, reserved 1048576K
Heap Regions: E=young(eden), S=young(survivor), O=old, HS=humongous(starts), HC=humongous(continues), CS=collection set, F=free, OA=open archive, CA=closed archive, TAMS=top-at-mark-start (previous, next)
|   0|0x0000000083200000, 0x0000000083200000, 0x0000000083300000|  0%| F|  |TAMS 0x0000000083200000, 0x0000000083200000| Untracked 
|   1|0x0000000083300000, 0x0000000083300000, 0x0000000083400000|  0%| F|  |TAMS 0x0000000083300000, 0x0000000083300000| Untracked 
|   2|0x0000000083400000, 0x0000000083400000, 0x0000000083500000|  0%| F|  |TAMS 0x0000000083400000, 0x0000000083400000| Untracked 
|   3|0x0000000083500000, 0x0000000083500000, 0x0000000083600000|  0%| F|  |TAMS 0x0000000083500000, 0x0000000083500000| Untracked 
|   4|0x0000000083600000, 0x0000000083600000, 0x0000000083700000|  0%| F|  |TAMS 0x0000000083600000, 0x0000000083600000| Untracked 
|   5|0x0000000083700000, 0x0000000083700000, 0x0000000083800000|  0%| F|  |TAMS 0x0000000083700000, 0x0000000083700000| Untracked 
|   6|0x0000000083800000, 0x0000000083800000, 0x0000000083900000|  0%| F|  |TAMS 0x0000000083800000, 0x0000000083800000| Untracked 
|   7|0x0000000083900000, 0x0000000083900000, 0x0000000083a00000|  0%| F|  |TAMS 0x0000000083900000, 0x0000000083900000| Untracked 
|   8|0x0000000083a00000, 0x0000000083a00000, 0x0000000083b00000|  0%| F|  |TAMS 0x0000000083a00000, 0x0000000083a00000| Untracked 
|   9|0x0000000083b00000, 0x0000000083b00000, 0x0000000083c00000|  0%| F|  |TAMS 0x0000000083b00000, 0x0000000083b00000| Untracked 
|  10|0x0000000083c00000, 0x0000000083c00000, 0x0000000083d00000|  0%| F|  |TAMS 0x0000000083c00000, 0x0000000083c00000| Untracked 
|  11|0x0000000083d00000, 0x0000000083d00000, 0x0000000083e00000|  0%| F|  |TAMS 0x0000000083d00000, 0x0000000083d00000| Untracked 
|  12|0x0000000083e00000, 0x0000000083e00000, 0x0000000083f00000|  0%| F|  |TAMS 0x0000000083e00000, 0x0000000083e00000| Untracked 
|  13|0x0000000083f00000, 0x0000000083f00000, 0x0000000084000000|  0%| F|  |TAMS 0x0000000083f00000, 0x0000000083f00000| Untracked 
|  14|0x0000000084000000, 0x0000000084000000, 0x0000000084100000|  0%| F|  |TAMS 0x0000000084000000, 0x0000000084000000| Untracked 
|  15|0x0000000084100000, 0x0000000084100000, 0x0000000084200000|  0%| F|  |TAMS 0x0000000084100000, 0x0000000084100000| Untracked 
|  16|0x0000000084200000, 0x0000000084200000, 0x0000000084300000|  0%| F|  |TAMS 0x0000000084200000, 0x0000000084200000| Untracked 
|  17|0x0000000084300000, 0x0000000084300000, 0x0000000084400000|  0%| F|  |TAMS 0x0000000084300000, 0x0000000084300000| Untracked 
|  18|0x0000000084400000, 0x0000000084400000, 0x0000000084500000|  0%| F|  |TAMS 0x0000000084400000, 0x0000000084400000| Untracked 
|  19|0x0000000084500000, 0x0000000084500000, 0x0000000084600000|  0%| F|  |TAMS 0x0000000084500000, 0x0000000084500000| Untracked 
|  20|0x0000000084600000, 0x0000000084600000, 0x0000000084700000|  0%| F|  |TAMS 0x0000000084600000, 0x0000000084600000| Untracked 
|  21|0x0000000084700000, 0x0000000084700000, 0x0000000084800000|  0%| F|  |TAMS 0x0000000084700000, 0x0000000084700000| Untracked 
|  22|0x0000000084800000, 0x0000000084800000, 0x0000000084900000|  0%| F|  |TAMS 0x0000000084800000, 0x0000000084800000| Untracked 
|  23|0x0000000084900000, 0x0000000084900000, 0x0000000084a00000|  0%| F|  |TAMS 0x0000000084900000, 0x0000000084900000| Untracked 
|  24|0x0000000084a00000, 0x0000000084a00000, 0x0000000084b00000|  0%| F|  |TAMS 0x0000000084a00000, 0x0000000084a00000| Untracked 
|  25|0x0000000084b00000, 0x0000000084b00000, 0x0000000084c00000|  0%| F|  |TAMS 0x0000000084b00000, 0x0000000084b00000| Untracked 
|  26|0x0000000084c00000, 0x0000000084c00000, 0x0000000084d00000|  0%| F|  |TAMS 0x0000000084c00000, 0x0000000084c00000| Untracked 
|  27|0x0000000084d00000, 0x0000000084d00000, 0x0000000084e00000|  0%| F|  |TAMS 0x0000000084d00000, 0x0000000084d00000| Untracked 
|  28|0x0000000084e00000, 0x0000000084e00000, 0x0000000084f00000|  0%| F|  |TAMS 0x0000000084e00000, 0x0000000084e00000| Untracked 
|  29|0x0000000084f00000, 0x0000000084f00000, 0x0000000085000000|  0%| F|  |TAMS 0x0000000084f00000, 0x0000000084f00000| Untracked 
|  30|0x0000000085000000, 0x0000000085000000, 0x0000000085100000|  0%| F|  |TAMS 0x0000000085000000, 0x0000000085000000| Untracked 
|  31|0x0000000085100000, 0x0000000085100000, 0x0000000085200000|  0%| F|  |TAMS 0x0000000085100000, 0x0000000085100000| Untracked 
|  32|0x0000000085200000, 0x0000000085200000, 0x0000000085300000|  0%| F|  |TAMS 0x0000000085200000, 0x0000000085200000| Untracked 
|  33|0x0000000085300000, 0x0000000085300000, 0x0000000085400000|  0%| F|  |TAMS 0x0000000085300000, 0x0000000085300000| Untracked 
|  34|0x0000000085400000, 0x0000000085400000, 0x0000000085500000|  0%| F|  |TAMS 0x0000000085400000, 0x0000000085400000| Untracked 
|  35|0x0000000085500000, 0x0000000085500000, 0x0000000085600000|  0%| F|  |TAMS 0x0000000085500000, 0x0000000085500000| Untracked 
|  36|0x0000000085600000, 0x0000000085600000, 0x0000000085700000|  0%| F|  |TAMS 0x0000000085600000, 0x0000000085600000| Untracked 
|  37|0x0000000085700000, 0x0000000085700000, 0x0000000085800000|  0%| F|  |TAMS 0x0000000085700000, 0x0000000085700000| Untracked 
|  38|0x0000000085800000, 0x0000000085800000, 0x0000000085900000|  0%| F|  |TAMS 0x0000000085800000, 0x0000000085800000| Untracked 
|  39|0x0000000085900000, 0x0000000085900000, 0x0000000085a00000|  0%| F|  |TAMS 0x0000000085900000, 0x0000000085900000| Untracked 
|  40|0x0000000085a00000, 0x0000000085a00000, 0x0000000085b00000|  0%| F|  |TAMS 0x0000000085a00000, 0x0000000085a00000| Untracked 
|  41|0x0000000085b00000, 0x0000000085b00000, 0x0000000085c00000|  0%| F|  |TAMS 0x0000000085b00000, 0x0000000085b00000| Untracked 
|  42|0x0000000085c00000, 0x0000000085c00000, 0x0000000085d00000|  0%| F|  |TAMS 0x0000000085c00000, 0x0000000085c00000| Untracked 
|  43|0x0000000085d00000, 0x0000000085d00000, 0x0000000085e00000|  0%| F|  |TAMS 0x0000000085d00000, 0x0000000085d00000| Untracked 
|  44|0x0000000085e00000, 0x0000000085e00000, 0x0000000085f00000|  0%| F|  |TAMS 0x0000000085e00000, 0x0000000085e00000| Untracked 
|  45|0x0000000085f00000, 0x0000000085f00000, 0x0000000086000000|  0%| F|  |TAMS 0x0000000085f00000, 0x0000000085f00000| Untracked 
|  46|0x0000000086000000, 0x0000000086000000, 0x0000000086100000|  0%| F|  |TAMS 0x0000000086000000, 0x0000000086000000| Untracked 
|  47|0x0000000086100000, 0x0000000086100000, 0x0000000086200000|  0%| F|  |TAMS 0x0000000086100000, 0x0000000086100000| Untracked 
|  48|0x0000000086200000, 0x0000000086200000, 0x0000000086300000|  0%| F|  |TAMS 0x0000000086200000, 0x0000000086200000| Untracked 
|  49|0x0000000086300000, 0x0000000086300000, 0x0000000086400000|  0%| F|  |TAMS 0x0000000086300000, 0x0000000086300000| Untracked 
|  50|0x0000000086400000, 0x0000000086400000, 0x0000000086500000|  0%| F|  |TAMS 0x0000000086400000, 0x0000000086400000| Untracked 
|  51|0x0000000086500000, 0x0000000086500000, 0x0000000086600000|  0%| F|  |TAMS 0x0000000086500000, 0x0000000086500000| Untracked 
|  52|0x0000000086600000, 0x0000000086600000, 0x0000000086700000|  0%| F|  |TAMS 0x0000000086600000, 0x0000000086600000| Untracked 
|  53|0x0000000086700000, 0x0000000086700000, 0x0000000086800000|  0%| F|  |TAMS 0x0000000086700000, 0x0000000086700000| Untracked 
|  54|0x0000000086800000, 0x0000000086800000, 0x0000000086900000|  0%| F|  |TAMS 0x0000000086800000, 0x0000000086800000| Untracked 
|  55|0x0000000086900000, 0x0000000086900000, 0x0000000086a00000|  0%| F|  |TAMS 0x0000000086900000, 0x0000000086900000| Untracked 
|  56|0x0000000086a00000, 0x0000000086a00000, 0x0000000086b00000|  0%| F|  |TAMS 0x0000000086a00000, 0x0000000086a00000| Untracked 
|  57|0x0000000086b00000, 0x0000000086b00000, 0x0000000086c00000|  0%| F|  |TAMS 0x0000000086b00000, 0x0000000086b00000| Untracked 
|  58|0x0000000086c00000, 0x0000000086c00000, 0x0000000086d00000|  0%| F|  |TAMS 0x0000000086c00000, 0x0000000086c00000| Untracked 
|  59|0x0000000086d00000, 0x0000000086d00000, 0x0000000086e00000|  0%| F|  |TAMS 0x0000000086d00000, 0x0000000086d00000| Untracked 
|  60|0x0000000086e00000, 0x0000000086e00000, 0x0000000086f00000|  0%| F|  |TAMS 0x0000000086e00000, 0x0000000086e00000| Untracked 
|  61|0x0000000086f00000, 0x0000000086f00000, 0x0000000087000000|  0%| F|  |TAMS 0x0000000086f00000, 0x0000000086f00000| Untracked 
|  62|0x0000000087000000, 0x0000000087000000, 0x0000000087100000|  0%| F|  |TAMS 0x0000000087000000, 0x0000000087000000| Untracked 
|  63|0x0000000087100000, 0x0000000087100000, 0x0000000087200000|  0%| F|  |TAMS 0x0000000087100000, 0x0000000087100000| Untracked 
|  64|0x0000000087200000, 0x0000000087200000, 0x0000000087300000|  0%| F|  |TAMS 0x0000000087200000, 0x0000000087200000| Untracked 
|  65|0x0000000087300000, 0x0000000087300000, 0x0000000087400000|  0%| F|  |TAMS 0x0000000087300000, 0x0000000087300000| Untracked 
|  66|0x0000000087400000, 0x0000000087400000, 0x0000000087500000|  0%| F|  |TAMS 0x0000000087400000, 0x0000000087400000| Untracked 
|  67|0x0000000087500000, 0x0000000087500000, 0x0000000087600000|  0%| F|  |TAMS 0x0000000087500000, 0x0000000087500000| Untracked 
|  68|0x0000000087600000, 0x0000000087600000, 0x0000000087700000|  0%| F|  |TAMS 0x0000000087600000, 0x0000000087600000| Untracked 
|  69|0x0000000087700000, 0x0000000087700000, 0x0000000087800000|  0%| F|  |TAMS 0x0000000087700000, 0x0000000087700000| Untracked 
|  70|0x0000000087800000, 0x0000000087800000, 0x0000000087900000|  0%| F|  |TAMS 0x0000000087800000, 0x0000000087800000| Untracked 
|  71|0x0000000087900000, 0x0000000087900000, 0x0000000087a00000|  0%| F|  |TAMS 0x0000000087900000, 0x0000000087900000| Untracked 
|  72|0x0000000087a00000, 0x0000000087a00000, 0x0000000087b00000|  0%| F|  |TAMS 0x0000000087a00000, 0x0000000087a00000| Untracked 
|  73|0x0000000087b00000, 0x0000000087b00000, 0x0000000087c00000|  0%| F|  |TAMS 0x0000000087b00000, 0x0000000087b00000| Untracked 
|  74|0x0000000087c00000, 0x0000000087c00000, 0x0000000087d00000|  0%| F|  |TAMS 0x0000000087c00000, 0x0000000087c00000| Untracked 
|  75|0x0000000087d00000, 0x0000000087d00000, 0x0000000087e00000|  0%| F|  |TAMS 0x0000000087d00000, 0x0000000087d00000| Untracked 
|  76|0x0000000087e00000, 0x0000000087e00000, 0x0000000087f00000|  0%| F|  |TAMS 0x0000000087e00000, 0x0000000087e00000| Untracked 
|  77|0x0000000087f00000, 0x0000000087f00000, 0x0000000088000000|  0%| F|  |TAMS 0x0000000087f00000, 0x0000000087f00000| Untracked 
|  78|0x0000000088000000, 0x0000000088000000, 0x0000000088100000|  0%| F|  |TAMS 0x0000000088000000, 0x0000000088000000| Untracked 
|  79|0x0000000088100000, 0x0000000088100000, 0x0000000088200000|  0%| F|  |TAMS 0x0000000088100000, 0x0000000088100000| Untracked 
|  80|0x0000000088200000, 0x0000000088200000, 0x0000000088300000|  0%| F|  |TAMS 0x0000000088200000, 0x0000000088200000| Untracked 
|  81|0x0000000088300000, 0x0000000088300000, 0x0000000088400000|  0%| F|  |TAMS 0x0000000088300000, 0x0000000088300000| Untracked 
|  82|0x0000000088400000, 0x0000000088400000, 0x0000000088500000|  0%| F|  |TAMS 0x0000000088400000, 0x0000000088400000| Untracked 
|  83|0x0000000088500000, 0x0000000088500000, 0x0000000088600000|  0%| F|  |TAMS 0x0000000088500000, 0x0000000088500000| Untracked 
|  84|0x0000000088600000, 0x0000000088600000, 0x0000000088700000|  0%| F|  |TAMS 0x0000000088600000, 0x0000000088600000| Untracked 
|  85|0x0000000088700000, 0x0000000088700000, 0x0000000088800000|  0%| F|  |TAMS 0x0000000088700000, 0x0000000088700000| Untracked 
|  86|0x0000000088800000, 0x0000000088800000, 0x0000000088900000|  0%| F|  |TAMS 0x0000000088800000, 0x0000000088800000| Untracked 
|  87|0x0000000088900000, 0x0000000088900000, 0x0000000088a00000|  0%| F|  |TAMS 0x0000000088900000, 0x0000000088900000| Untracked 
|  88|0x0000000088a00000, 0x0000000088a00000, 0x0000000088b00000|  0%| F|  |TAMS 0x0000000088a00000, 0x0000000088a00000| Untracked 
|  89|0x0000000088b00000, 0x0000000088b00000, 0x0000000088c00000|  0%| F|  |TAMS 0x0000000088b00000, 0x0000000088b00000| Untracked 
|  90|0x0000000088c00000, 0x0000000088c00000, 0x0000000088d00000|  0%| F|  |TAMS 0x0000000088c00000, 0x0000000088c00000| Untracked 
|  91|0x0000000088d00000, 0x0000000088d00000, 0x0000000088e00000|  0%| F|  |TAMS 0x0000000088d00000, 0x0000000088d00000| Untracked 
|  92|0x0000000088e00000, 0x0000000088e00000, 0x0000000088f00000|  0%| F|  |TAMS 0x0000000088e00000, 0x0000000088e00000| Untracked 
|  93|0x0000000088f00000, 0x0000000088f00000, 0x0000000089000000|  0%| F|  |TAMS 0x0000000088f00000, 0x0000000088f00000| Untracked 
|  94|0x0000000089000000, 0x0000000089000000, 0x0000000089100000|  0%| F|  |TAMS 0x0000000089000000, 0x0000000089000000| Untracked 
|  95|0x0000000089100000, 0x0000000089100000, 0x0000000089200000|  0%| F|  |TAMS 0x0000000089100000, 0x0000000089100000| Untracked 
|  96|0x0000000089200000, 0x0000000089200000, 0x0000000089300000|  0%| F|  |TAMS 0x0000000089200000, 0x0000000089200000| Untracked 
|  97|0x0000000089300000, 0x0000000089300000, 0x0000000089400000|  0%| F|  |TAMS 0x0000000089300000, 0x0000000089300000| Untracked 
|  98|0x0000000089400000, 0x0000000089400000, 0x0000000089500000|  0%| F|  |TAMS 0x0000000089400000, 0x0000000089400000| Untracked 
|  99|0x0000000089500000, 0x0000000089500000, 0x0000000089600000|  0%| F|  |TAMS 0x0000000089500000, 0x0000000089500000| Untracked 
| 100|0x0000000089600000, 0x0000000089600000, 0x0000000089700000|  0%| F|  |TAMS 0x0000000089600000, 0x0000000089600000| Untracked 
| 101|0x0000000089700000, 0x0000000089700000, 0x0000000089800000|  0%| F|  |TAMS 0x0000000089700000, 0x0000000089700000| Untracked 
| 102|0x0000000089800000, 0x0000000089800000, 0x0000000089900000|  0%| F|  |TAMS 0x0000000089800000, 0x0000000089800000| Untracked 
| 103|0x0000000089900000, 0x0000000089900000, 0x0000000089a00000|  0%| F|  |TAMS 0x0000000089900000, 0x0000000089900000| Untracked 
| 104|0x0000000089a00000, 0x0000000089a00000, 0x0000000089b00000|  0%| F|  |TAMS 0x0000000089a00000, 0x0000000089a00000| Untracked 
| 105|0x0000000089b00000, 0x0000000089b00000, 0x0000000089c00000|  0%| F|  |TAMS 0x0000000089b00000, 0x0000000089b00000| Untracked 
| 106|0x0000000089c00000, 0x0000000089c00000, 0x0000000089d00000|  0%| F|  |TAMS 0x0000000089c00000, 0x0000000089c00000| Untracked 
| 107|0x0000000089d00000, 0x0000000089d00000, 0x0000000089e00000|  0%| F|  |TAMS 0x0000000089d00000, 0x0000000089d00000| Untracked 
| 108|0x0000000089e00000, 0x0000000089e00000, 0x0000000089f00000|  0%| F|  |TAMS 0x0000000089e00000, 0x0000000089e00000| Untracked 
| 109|0x0000000089f00000, 0x0000000089f00000, 0x000000008a000000|  0%| F|  |TAMS 0x0000000089f00000, 0x0000000089f00000| Untracked 
| 110|0x000000008a000000, 0x000000008a000000, 0x000000008a100000|  0%| F|  |TAMS 0x000000008a000000, 0x000000008a000000| Untracked 
| 111|0x000000008a100000, 0x000000008a100000, 0x000000008a200000|  0%| F|  |TAMS 0x000000008a100000, 0x000000008a100000| Untracked 
| 112|0x000000008a200000, 0x000000008a200000, 0x000000008a300000|  0%| F|  |TAMS 0x000000008a200000, 0x000000008a200000| Untracked 
| 113|0x000000008a300000, 0x000000008a300000, 0x000000008a400000|  0%| F|  |TAMS 0x000000008a300000, 0x000000008a300000| Untracked 
| 114|0x000000008a400000, 0x000000008a400000, 0x000000008a500000|  0%| F|  |TAMS 0x000000008a400000, 0x000000008a400000| Untracked 
| 115|0x000000008a500000, 0x000000008a500000, 0x000000008a600000|  0%| F|  |TAMS 0x000000008a500000, 0x000000008a500000| Untracked 
| 116|0x000000008a600000, 0x000000008a600000, 0x000000008a700000|  0%| F|  |TAMS 0x000000008a600000, 0x000000008a600000| Untracked 
| 117|0x000000008a700000, 0x000000008a700000, 0x000000008a800000|  0%| F|  |TAMS 0x000000008a700000, 0x000000008a700000| Untracked 
| 118|0x000000008a800000, 0x000000008a800000, 0x000000008a900000|  0%| F|  |TAMS 0x000000008a800000, 0x000000008a800000| Untracked 
| 119|0x000000008a900000, 0x000000008a98c270, 0x000000008aa00000| 54%| S|CS|TAMS 0x000000008a900000, 0x000000008a900000| Complete 
| 120|0x000000008aa00000, 0x000000008ab00000, 0x000000008ab00000|100%| S|CS|TAMS 0x000000008aa00000, 0x000000008aa00000| Complete 
| 121|0x000000008ab00000, 0x000000008ab00000, 0x000000008ac00000|  0%| F|  |TAMS 0x000000008ab00000, 0x000000008ab00000| Untracked 
| 122|0x000000008ac00000, 0x000000008ac00000, 0x000000008ad00000|  0%| F|  |TAMS 0x000000008ac00000, 0x000000008ac00000| Untracked 
| 123|0x000000008ad00000, 0x000000008ad00000, 0x000000008ae00000|  0%| F|  |TAMS 0x000000008ad00000, 0x000000008ad00000| Untracked 
| 124|0x000000008ae00000, 0x000000008ae00000, 0x000000008af00000|  0%| F|  |TAMS 0x000000008ae00000, 0x000000008ae00000| Untracked 
| 125|0x000000008af00000, 0x000000008af00000, 0x000000008b000000|  0%| F|  |TAMS 0x000000008af00000, 0x000000008af00000| Untracked 

Card table byte_map: [0x0000028f3f2f0000,0x0000028f3f6e0000] _byte_map_base: 0x0000028f3eed7000

Marking Bits (Prev, Next): (CMBitMap*) 0x0000028f2bf48268, (CMBitMap*) 0x0000028f2bf482a8
 Prev Bits: [0x0000028f3fad0000, 0x0000028f41a08000)
 Next Bits: [0x0000028f41a10000, 0x0000028f43948000)

Polling page: 0x0000028f2b6e0000

Metaspace:

Usage:
  Non-class:     10.27 MB capacity,    10.14 MB ( 99%) used,   119.23 KB (  1%) free+waste,    18.44 KB ( <1%) overhead. 
      Class:      1.24 MB capacity,     1.17 MB ( 94%) used,    62.80 KB (  5%) free+waste,    10.44 KB ( <1%) overhead. 
       Both:     11.51 MB capacity,    11.30 MB ( 98%) used,   182.03 KB (  2%) free+waste,    28.88 KB ( <1%) overhead. 

Virtual space:
  Non-class space:       12.00 MB reserved,      10.50 MB ( 88%) committed 
      Class space:        1.00 GB reserved,       1.25 MB ( <1%) committed 
             Both:        1.01 GB reserved,      11.75 MB (  1%) committed 

Chunk freelists:
   Non-Class:  44.00 KB
       Class:  12.00 KB
        Both:  56.00 KB

MaxMetaspaceSize: 17179869184.00 GB
CompressedClassSpaceSize: 1.00 GB

CodeHeap 'non-profiled nmethods': size=120000Kb used=148Kb max_used=148Kb free=119851Kb
 bounds [0x0000028f376a0000, 0x0000028f37910000, 0x0000028f3ebd0000]
CodeHeap 'profiled nmethods': size=120000Kb used=746Kb max_used=746Kb free=119253Kb
 bounds [0x0000028f30170000, 0x0000028f303e0000, 0x0000028f376a0000]
CodeHeap 'non-nmethods': size=5760Kb used=1207Kb max_used=1219Kb free=4552Kb
 bounds [0x0000028f2fbd0000, 0x0000028f2fe40000, 0x0000028f30170000]
 total_blobs=999 nmethods=525 adapters=387
 compilation: enabled
              stopped_count=0, restarted_count=0
 full_count=0

Compilation events (20 events):
Event: 0.791 Thread 0x0000028f46c72800 nmethod 513 0x0000028f376c3790 code [0x0000028f376c3920, 0x0000028f376c39d8]
Event: 0.791 Thread 0x0000028f46c72800  514       1       java.beans.PropertyChangeEvent::getNewValue (5 bytes)
Event: 0.791 Thread 0x0000028f46c70800 nmethod 511 0x0000028f376c3a90 code [0x0000028f376c3c00, 0x0000028f376c3c58]
Event: 0.791 Thread 0x0000028f46c72800 nmethod 514 0x0000028f376c3d90 code [0x0000028f376c3f20, 0x0000028f376c3fd8]
Event: 0.791 Thread 0x0000028f46c72800  515       3       java.lang.invoke.MethodHandleNatives::refKindIsMethod (19 bytes)
Event: 0.791 Thread 0x0000028f46c72800 nmethod 515 0x0000028f30228d90 code [0x0000028f30228f40, 0x0000028f30229178]
Event: 0.792 Thread 0x0000028f46c70800  519       4       java.lang.StringLatin1::charAt (28 bytes)
Event: 0.792 Thread 0x0000028f46c70800 nmethod 519 0x0000028f376c4b90 code [0x0000028f376c4d20, 0x0000028f376c4dd8]
Event: 0.793 Thread 0x0000028f46c72800  520       3       java.util.ArrayList$Itr::next (66 bytes)
Event: 0.793 Thread 0x0000028f46c72800 nmethod 520 0x0000028f30229210 code [0x0000028f30229400, 0x0000028f302297c8]
Event: 0.793 Thread 0x0000028f46c72800  521       3       java.util.ArrayList$Itr::checkForComodification (23 bytes)
Event: 0.793 Thread 0x0000028f46c72800 nmethod 521 0x0000028f30229990 code [0x0000028f30229b40, 0x0000028f30229d08]
Event: 0.794 Thread 0x0000028f46c72800  522       3       java.util.HashSet::add (20 bytes)
Event: 0.794 Thread 0x0000028f46c72800 nmethod 522 0x0000028f30229e10 code [0x0000028f30229fc0, 0x0000028f3022a1e8]
Event: 0.794 Thread 0x0000028f46c72800  523       3       java.lang.Integer::hashCode (8 bytes)
Event: 0.794 Thread 0x0000028f46c72800 nmethod 523 0x0000028f3022a290 code [0x0000028f3022a420, 0x0000028f3022a578]
Event: 0.794 Thread 0x0000028f46c72800  524       3       java.lang.Integer::hashCode (2 bytes)
Event: 0.794 Thread 0x0000028f46c72800 nmethod 524 0x0000028f3022a610 code [0x0000028f3022a7a0, 0x0000028f3022a878]
Event: 0.794 Thread 0x0000028f46c72800  525       1       java.lang.Integer::intValue (5 bytes)
Event: 0.794 Thread 0x0000028f46c72800 nmethod 525 0x0000028f376c4e90 code [0x0000028f376c5020, 0x0000028f376c50d8]

GC Heap History (2 events):
Event: 0.795 GC heap before
{Heap before GC invocations=0 (full 0):
 garbage-first heap   total 129024K, used 4096K [0x0000000083200000, 0x0000000100000000)
  region size 1024K, 5 young (5120K), 0 survivors (0K)
 Metaspace       used 11573K, capacity 11784K, committed 12032K, reserved 1060864K
  class space    used 1194K, capacity 1268K, committed 1280K, reserved 1048576K
}
Event: 0.798 GC heap after
{Heap after GC invocations=1 (full 0):
 garbage-first heap   total 129024K, used 1584K [0x0000000083200000, 0x0000000100000000)
  region size 1024K, 2 young (2048K), 2 survivors (2048K)
 Metaspace       used 11573K, capacity 11784K, committed 12032K, reserved 1060864K
  class space    used 1194K, capacity 1268K, committed 1280K, reserved 1048576K
}

Deoptimization events (4 events):
Event: 0.100 Thread 0x0000028f2bf02800 Uncommon trap: trap_request=0xffffff45 fr.pc=0x0000028f376a4270 relative=0x0000000000000210
Event: 0.100 Thread 0x0000028f2bf02800 Uncommon trap: reason=unstable_if action=reinterpret pc=0x0000028f376a4270 method=java.lang.String.hashCode()I @ 42 c2
Event: 0.100 Thread 0x0000028f2bf02800 DEOPT PACKING pc=0x0000028f376a4270 sp=0x0000009032ffd850
Event: 0.100 Thread 0x0000028f2bf02800 DEOPT UNPACKING pc=0x0000028f2fc1912f sp=0x0000009032ffd7e8 mode 2

Classes unloaded (0 events):
No events

Classes redefined (0 events):
No events

Internal exceptions (12 events):
Event: 0.119 Thread 0x0000028f2bf02800 Exception <a 'java/lang/ClassNotFoundException'{0x000000008ae2a868}: sun/awt/resources/spi/awtProvider> (0x000000008ae2a868) 
thrown [./open/src/hotspot/share/classfile/systemDictionary.cpp, line 226]
Event: 0.158 Thread 0x0000028f2bf02800 Exception <a 'java/io/FileNotFoundException'{0x000000008ae83878}> (0x000000008ae83878) 
thrown [./open/src/hotspot/share/prims/jni.cpp, line 599]
Event: 0.168 Thread 0x0000028f2bf02800 Exception <a 'java/io/FileNotFoundException'{0x000000008aea9d18}> (0x000000008aea9d18) 
thrown [./open/src/hotspot/share/prims/jni.cpp, line 599]
Event: 0.293 Thread 0x0000028f46cce000 Exception <a 'java/lang/NoSuchMethodError'{0x000000008ad05180}: 'void java.lang.invoke.DirectMethodHandle$Holder.invokeSpecial(java.lang.Object, java.lang.Object)'> (0x000000008ad05180) 
thrown [./open/src/hotspot/share/interpreter/linkResolver.cpp, line 766]
Event: 0.322 Thread 0x0000028f46cd1000 Exception <a 'java/lang/NoSuchMethodError'{0x000000008adb8b08}: 'void java.lang.invoke.DirectMethodHandle$Holder.invokeStaticInit(java.lang.Object)'> (0x000000008adb8b08) 
thrown [./open/src/hotspot/share/interpreter/linkResolver.cpp, line 766]
Event: 0.325 Thread 0x0000028f46cd1000 Exception <a 'java/lang/NoSuchMethodError'{0x000000008addf728}: 'java.lang.Object java.lang.invoke.DirectMethodHandle$Holder.invokeStatic(java.lang.Object, int, java.lang.Object, java.lang.Object, java.lang.Object, java.lang.Object)'> (0x000000008addf728) 
thrown [./open/src/hotspot/share/interpreter/linkResolver.cpp, line 766]
Event: 0.326 Thread 0x0000028f46cd1000 Exception <a 'java/lang/NoSuchMethodError'{0x000000008ade6048}: 'java.lang.Object java.lang.invoke.DirectMethodHandle$Holder.invokeStatic(java.lang.Object, int, java.lang.Object, java.lang.Object, java.lang.Object)'> (0x000000008ade6048) 
thrown [./open/src/hotspot/share/interpreter/linkResolver.cpp, line 766]
Event: 0.326 Thread 0x0000028f46cd1000 Exception <a 'java/lang/NoSuchMethodError'{0x000000008ade9898}: 'java.lang.Object java.lang.invoke.DirectMethodHandle$Holder.invokeSpecial(java.lang.Object, java.lang.Object, int, java.lang.Object, java.lang.Object, java.lang.Object)'> (0x000000008ade9898) 
thrown [./open/src/hotspot/share/interpreter/linkResolver.cpp, line 766]
Event: 0.328 Thread 0x0000028f46cd1000 Exception <a 'java/lang/NoSuchMethodError'{0x000000008ac13bf8}: 'java.lang.Object java.lang.invoke.DirectMethodHandle$Holder.invokeStatic(java.lang.Object, int, java.lang.Object)'> (0x000000008ac13bf8) 
thrown [./open/src/hotspot/share/interpreter/linkResolver.cpp, line 766]
Event: 0.339 Thread 0x0000028f46cd1000 Exception <a 'java/lang/ClassNotFoundException'{0x000000008ac895b0}: com/sun/java/swing/plaf/windows/resources/spi/windowsProvider> (0x000000008ac895b0) 
thrown [./open/src/hotspot/share/classfile/systemDictionary.cpp, line 226]
Event: 0.340 Thread 0x0000028f46cd1000 Exception <a 'java/lang/ClassNotFoundException'{0x000000008ac8da20}: com/sun/swing/internal/plaf/basic/resources/spi/basicProvider> (0x000000008ac8da20) 
thrown [./open/src/hotspot/share/classfile/systemDictionary.cpp, line 226]
Event: 0.792 Thread 0x0000028f46cd1000 Exception <a 'java/lang/NoSuchMethodError'{0x000000008ab3c3b8}: 'void java.lang.invoke.DirectMethodHandle$Holder.invokeSpecial(java.lang.Object, java.lang.Object, java.lang.Object, java.lang.Object, java.lang.Object)'> (0x000000008ab3c3b8) 
thrown [./open/src/hotspot/share/interpreter/linkResolver.cpp, line 766]

Events (20 events):
Event: 0.793 loading class sun/awt/windows/WPanelPeer
Event: 0.793 loading class java/awt/peer/PanelPeer
Event: 0.793 loading class java/awt/peer/PanelPeer done
Event: 0.793 loading class sun/awt/windows/WCanvasPeer
Event: 0.793 loading class java/awt/peer/CanvasPeer
Event: 0.793 loading class java/awt/peer/CanvasPeer done
Event: 0.793 loading class sun/awt/windows/WCanvasPeer done
Event: 0.793 loading class sun/awt/windows/WPanelPeer done
Event: 0.793 loading class sun/awt/windows/WWindowPeer done
Event: 0.793 loading class sun/awt/windows/WFramePeer done
Event: 0.793 loading class sun/awt/windows/WWindowPeer$ActiveWindowListener
Event: 0.794 loading class sun/awt/windows/WWindowPeer$ActiveWindowListener done
Event: 0.794 loading class sun/awt/windows/WWindowPeer$GuiDisposedListener
Event: 0.794 loading class sun/awt/windows/WWindowPeer$GuiDisposedListener done
Event: 0.794 loading class sun/awt/RepaintArea
Event: 0.794 loading class sun/awt/RepaintArea done
Event: 0.794 loading class sun/awt/ExtendedKeyCodes
Event: 0.794 loading class sun/awt/ExtendedKeyCodes done
Event: 0.795 loading class sun/awt/EmbeddedFrame
Event: 0.795 Executing VM operation: CollectForMetadataAllocation


Dynamic libraries:
0x00007ff6cc950000 - 0x00007ff6cc95d000 	C:\Users\alexc\.p2\pool\plugins\org.eclipse.justj.openjdk.hotspot.jre.full.win32.x86_64_14.0.2.v20200815-0932\jre\bin\javaw.exe
0x00007ffeea730000 - 0x00007ffeea925000 	C:\Windows\SYSTEM32\ntdll.dll
0x00007ffeb66d0000 - 0x00007ffeb66e3000 	C:\Program Files\AVG\Antivirus\aswhook.dll
0x00007ffee8cb0000 - 0x00007ffee8d6d000 	C:\Windows\System32\KERNEL32.DLL
0x00007ffee83e0000 - 0x00007ffee86a9000 	C:\Windows\System32\KERNELBASE.dll
0x00007ffee8230000 - 0x00007ffee8330000 	C:\Windows\System32\ucrtbase.dll
0x00007ffecea90000 - 0x00007ffeceaa8000 	C:\Users\alexc\.p2\pool\plugins\org.eclipse.justj.openjdk.hotspot.jre.full.win32.x86_64_14.0.2.v20200815-0932\jre\bin\jli.dll
0x00007ffece5a0000 - 0x00007ffece5b5000 	C:\Users\alexc\.p2\pool\plugins\org.eclipse.justj.openjdk.hotspot.jre.full.win32.x86_64_14.0.2.v20200815-0932\jre\bin\VCRUNTIME140.dll
0x00007ffee9a40000 - 0x00007ffee9be0000 	C:\Windows\System32\USER32.dll
0x00007ffee7e60000 - 0x00007ffee7e82000 	C:\Windows\System32\win32u.dll
0x00007ffec1ca0000 - 0x00007ffec1f3a000 	C:\Windows\WinSxS\amd64_microsoft.windows.common-controls_6595b64144ccf1df_6.0.19041.1110_none_60b5254171f9507e\COMCTL32.dll
0x00007ffee8990000 - 0x00007ffee89ba000 	C:\Windows\System32\GDI32.dll
0x00007ffee88d0000 - 0x00007ffee896e000 	C:\Windows\System32\msvcrt.dll
0x00007ffee7ec0000 - 0x00007ffee7fcb000 	C:\Windows\System32\gdi32full.dll
0x00007ffee7fd0000 - 0x00007ffee806d000 	C:\Windows\System32\msvcp_win.dll
0x00007ffeea360000 - 0x00007ffeea390000 	C:\Windows\System32\IMM32.DLL
0x00007ffebda30000 - 0x00007ffebdacb000 	C:\Users\alexc\.p2\pool\plugins\org.eclipse.justj.openjdk.hotspot.jre.full.win32.x86_64_14.0.2.v20200815-0932\jre\bin\msvcp140.dll
0x00007ffe5c2d0000 - 0x00007ffe5cdee000 	C:\Users\alexc\.p2\pool\plugins\org.eclipse.justj.openjdk.hotspot.jre.full.win32.x86_64_14.0.2.v20200815-0932\jre\bin\server\jvm.dll
0x00007ffee9740000 - 0x00007ffee97ec000 	C:\Windows\System32\ADVAPI32.dll
0x00007ffee8b60000 - 0x00007ffee8bfb000 	C:\Windows\System32\sechost.dll
0x00007ffeea230000 - 0x00007ffeea35a000 	C:\Windows\System32\RPCRT4.dll
0x00007ffee8a20000 - 0x00007ffee8a28000 	C:\Windows\System32\PSAPI.DLL
0x00007ffeda390000 - 0x00007ffeda3b7000 	C:\Windows\SYSTEM32\WINMM.dll
0x00007ffed7080000 - 0x00007ffed7089000 	C:\Windows\SYSTEM32\WSOCK32.dll
0x00007ffee9850000 - 0x00007ffee98bb000 	C:\Windows\System32\WS2_32.dll
0x00007ffede400000 - 0x00007ffede40a000 	C:\Windows\SYSTEM32\VERSION.dll
0x00007ffee5de0000 - 0x00007ffee5df2000 	C:\Windows\SYSTEM32\kernel.appcore.dll
0x00007ffedd4f0000 - 0x00007ffedd4fa000 	C:\Users\alexc\.p2\pool\plugins\org.eclipse.justj.openjdk.hotspot.jre.full.win32.x86_64_14.0.2.v20200815-0932\jre\bin\jimage.dll
0x00007ffee56d0000 - 0x00007ffee58b4000 	C:\Windows\SYSTEM32\DBGHELP.DLL
0x00007ffedc680000 - 0x00007ffedc6ac000 	C:\Windows\SYSTEM32\dbgcore.DLL
0x00007ffee8700000 - 0x00007ffee8783000 	C:\Windows\System32\bcryptPrimitives.dll
0x00007ffece850000 - 0x00007ffece875000 	C:\Users\alexc\.p2\pool\plugins\org.eclipse.justj.openjdk.hotspot.jre.full.win32.x86_64_14.0.2.v20200815-0932\jre\bin\java.dll
0x00007ffeda0a0000 - 0x00007ffeda0b6000 	C:\Users\alexc\.p2\pool\plugins\org.eclipse.justj.openjdk.hotspot.jre.full.win32.x86_64_14.0.2.v20200815-0932\jre\bin\zip.dll
0x00007ffee9000000 - 0x00007ffee973f000 	C:\Windows\System32\SHELL32.dll
0x00007ffee5f70000 - 0x00007ffee6700000 	C:\Windows\SYSTEM32\windows.storage.dll
0x00007ffeea390000 - 0x00007ffeea6e5000 	C:\Windows\System32\combase.dll
0x00007ffee78c0000 - 0x00007ffee78ec000 	C:\Windows\SYSTEM32\Wldp.dll
0x00007ffee8c00000 - 0x00007ffee8cae000 	C:\Windows\System32\SHCORE.dll
0x00007ffee89c0000 - 0x00007ffee8a15000 	C:\Windows\System32\shlwapi.dll
0x00007ffee7da0000 - 0x00007ffee7dbf000 	C:\Windows\SYSTEM32\profapi.dll
0x00007ffe78a00000 - 0x00007ffe78b98000 	C:\Users\alexc\.p2\pool\plugins\org.eclipse.justj.openjdk.hotspot.jre.full.win32.x86_64_14.0.2.v20200815-0932\jre\bin\awt.dll
0x00007ffee8800000 - 0x00007ffee88cd000 	C:\Windows\System32\OLEAUT32.dll
0x00007ffee52f0000 - 0x00007ffee5380000 	C:\Windows\SYSTEM32\apphelp.dll
0x00007ffee5440000 - 0x00007ffee54de000 	C:\Windows\system32\uxtheme.dll
0x00007ffeea110000 - 0x00007ffeea225000 	C:\Windows\System32\MSCTF.dll
0x00007ffe53a50000 - 0x00007ffe53b4c000 	C:\ProgramData\A-Volute\DellInc.AlienwareSoundCenter\Modules\ScheduledModules\x64\DellInc.AlienwareSoundCenterDevProps2.dll
0x00007ffee8a30000 - 0x00007ffee8b5a000 	C:\Windows\System32\ole32.dll
0x00007ffe53b50000 - 0x00007ffe53bfd000 	C:\ProgramData\A-Volute\DellInc.AlienwareSoundCenter\Modules\ScheduledModules\x64\NahimicOSD.dll
0x00007ffebf450000 - 0x00007ffebf471000 	C:\ProgramData\A-Volute\DellInc.AlienwareSoundCenter\Modules\ScheduledModules\x64\ProductInfo.dll
0x00007ffee5680000 - 0x00007ffee56af000 	C:\Windows\system32\DWMAPI.DLL
0x00007ffea7840000 - 0x00007ffea7965000 	C:\Windows\system32\opengl32.dll
0x00007ffea77d0000 - 0x00007ffea77fc000 	C:\Windows\SYSTEM32\GLU32.dll
0x00007ffee7a40000 - 0x00007ffee7a52000 	C:\Windows\SYSTEM32\msasn1.dll
0x00007ffedd240000 - 0x00007ffedd271000 	C:\Windows\SYSTEM32\cryptnet.dll
0x00007ffee80d0000 - 0x00007ffee822f000 	C:\Windows\System32\CRYPT32.dll
0x00007ffee7830000 - 0x00007ffee783c000 	C:\Windows\SYSTEM32\cryptbase.dll
0x00007ffee8070000 - 0x00007ffee80d0000 	C:\Windows\System32\WINTRUST.DLL
0x00007ffee8970000 - 0x00007ffee898d000 	C:\Windows\System32\imagehlp.dll
0x00007ffee7810000 - 0x00007ffee7828000 	C:\Windows\SYSTEM32\CRYPTSP.dll
0x00007ffee6f30000 - 0x00007ffee6f64000 	C:\Windows\system32\rsaenh.dll
0x00007ffee7e90000 - 0x00007ffee7eb7000 	C:\Windows\System32\bcrypt.dll
0x00007ffee2850000 - 0x00007ffee288b000 	C:\Windows\SYSTEM32\dxcore.dll
0x00007ffee86b0000 - 0x00007ffee86fe000 	C:\Windows\System32\cfgmgr32.dll
0x00007ffebd640000 - 0x00007ffebd6c2000 	C:\Users\alexc\.p2\pool\plugins\org.eclipse.justj.openjdk.hotspot.jre.full.win32.x86_64_14.0.2.v20200815-0932\jre\bin\freetype.dll
0x00007ffe79630000 - 0x00007ffe796d6000 	C:\Users\alexc\.p2\pool\plugins\org.eclipse.justj.openjdk.hotspot.jre.full.win32.x86_64_14.0.2.v20200815-0932\jre\bin\fontmanager.dll
0x00007ffeda050000 - 0x00007ffeda069000 	C:\Users\alexc\.p2\pool\plugins\org.eclipse.justj.openjdk.hotspot.jre.full.win32.x86_64_14.0.2.v20200815-0932\jre\bin\net.dll
0x00007ffee2740000 - 0x00007ffee2848000 	C:\Windows\SYSTEM32\WINHTTP.dll
0x00007ffee7620000 - 0x00007ffee768a000 	C:\Windows\system32\mswsock.dll
0x00007ffed9f10000 - 0x00007ffed9f22000 	C:\Users\alexc\.p2\pool\plugins\org.eclipse.justj.openjdk.hotspot.jre.full.win32.x86_64_14.0.2.v20200815-0932\jre\bin\nio.dll

dbghelp: loaded successfully - version: 4.0.5 - missing functions: none
symbol engine: initialized successfully - sym options: 0x614 - pdb path: .;C:\Users\alexc\.p2\pool\plugins\org.eclipse.justj.openjdk.hotspot.jre.full.win32.x86_64_14.0.2.v20200815-0932\jre\bin;C:\Windows\SYSTEM32;C:\Program Files\AVG\Antivirus;C:\Windows\WinSxS\amd64_microsoft.windows.common-controls_6595b64144ccf1df_6.0.19041.1110_none_60b5254171f9507e;C:\Users\alexc\.p2\pool\plugins\org.eclipse.justj.openjdk.hotspot.jre.full.win32.x86_64_14.0.2.v20200815-0932\jre\bin\server;C:\ProgramData\A-Volute\DellInc.AlienwareSoundCenter\Modules\ScheduledModules\x64

VM Arguments:
jvm_args: -Dfile.encoding=Cp1252 -XX:+ShowCodeDetailsInExceptionMessages 
java_command: com.jinvoice.Main
java_class_path (initial): D:\Projects\GitHub\JInvoice\src\target\classes
Launcher Type: SUN_STANDARD

[Global flags]
     intx CICompilerCount                          = 4                                         {product} {ergonomic}
     uint ConcGCThreads                            = 2                                         {product} {ergonomic}
     uint G1ConcRefinementThreads                  = 8                                         {product} {ergonomic}
   size_t G1HeapRegionSize                         = 1048576                                   {product} {ergonomic}
    uintx GCDrainStackTargetSize                   = 64                                        {product} {ergonomic}
   size_t InitialHeapSize                          = 132120576                                 {product} {ergonomic}
   size_t MarkStackSize                            = 4194304                                   {product} {ergonomic}
   size_t MaxHeapSize                              = 2095054848                                {product} {ergonomic}
   size_t MaxNewSize                               = 1256194048                                {product} {ergonomic}
   size_t MinHeapDeltaBytes                        = 1048576                                   {product} {ergonomic}
   size_t MinHeapSize                              = 8388608                                   {product} {ergonomic}
    uintx NonNMethodCodeHeapSize                   = 5839372                                {pd product} {ergonomic}
    uintx NonProfiledCodeHeapSize                  = 122909434                              {pd product} {ergonomic}
    uintx ProfiledCodeHeapSize                     = 122909434                              {pd product} {ergonomic}
    uintx ReservedCodeCacheSize                    = 251658240                              {pd product} {ergonomic}
     bool SegmentedCodeCache                       = true                                      {product} {ergonomic}
     bool ShowCodeDetailsInExceptionMessages       = true                                   {manageable} {command line}
   size_t SoftMaxHeapSize                          = 2095054848                             {manageable} {ergonomic}
     bool UseCompressedClassPointers               = true                                 {lp64_product} {ergonomic}
     bool UseCompressedOops                        = true                                 {lp64_product} {ergonomic}
     bool UseG1GC                                  = true                                      {product} {ergonomic}
     bool UseLargePagesIndividualAllocation        = false                                  {pd product} {ergonomic}

Logging:
Log output configuration:
 #0: stdout all=warning uptime,level,tags
 #1: stderr all=off uptime,level,tags

Environment Variables:
PATH=C:/Users/alexc/.p2/pool/plugins/org.eclipse.justj.openjdk.hotspot.jre.full.win32.x86_64_14.0.2.v20200815-0932/jre/bin/server;C:/Users/alexc/.p2/pool/plugins/org.eclipse.justj.openjdk.hotspot.jre.full.win32.x86_64_14.0.2.v20200815-0932/jre/bin;C:\Program Files\Common Files\Oracle\Java\javapath;C:\Python3.9\Scripts\;C:\Python3.9\;C:\Windows\system32;C:\Windows;C:\Windows\System32\Wbem;C:\Windows\System32\WindowsPowerShell\v1.0\;C:\Windows\System32\OpenSSH\;C:\Program Files (x86)\NVIDIA Corporation\PhysX\Common;C:\Program Files\NVIDIA Corporation\NVIDIA NvDLISR;C:\Program Files\dotnet\;C:\Program Files\Microsoft SQL Server\130\Tools\Binn\;C:\Program Files\Microsoft SQL Server\Client SDK\ODBC\170\Tools\Binn\;C:\Program Files\Git\cmd;C:\Program Files (x86)\Microsoft SQL Server\150\Tools\Binn\;C:\Program Files\Microsoft SQL Server\150\Tools\Binn\;C:\Program Files\Microsoft SQL Server\150\DTS\Binn\;C:\Program Files\Azure Data Studio\bin;C:\Program Files\PuTTY\;D:\Program Files\nodejs\;C:\Users\alexc\AppData\Local\Programs\Python\Python37-32\Scripts\;C:\Users\alexc\AppData\Local\Programs\Python\Python37-32\;C:\Users\alexc\AppData\Local\Microsoft\WindowsApps;C:\Users\alexc\AppData\Local\Programs\Microsoft VS Code\bin;C:\Users\alexc\.dotnet\tools;C:\Users\alexc\AppData\Local\GitHubDesktop\bin;C:\Program Files\JetBrains\PyCharm Community Edition 2020.2.3\bin;;C:\Program Files\Azure Data Studio\bin;C:\Users\alexc\AppData\Local\Programs\Python\Python37-32\Scripts;C:\Users\alexc\AppData\Roaming\npm;D:\Program Files\MiKTeX\miktex\bin\x64\;C:\chromedriver.exe;;C:\Windows\system32;
USERNAME=alexc
OS=Windows_NT
PROCESSOR_IDENTIFIER=Intel64 Family 6 Model 165 Stepping 2, GenuineIntel



---------------  S Y S T E M  ---------------

OS: Windows 10 , 64 bit Build 19041 (10.0.19041.1151)
OS uptime: 0 days 19:13 hours

CPU:total 8 (initial active 8) (4 cores per cpu, 2 threads per core) family 6 model 165 stepping 2, cmov, cx8, fxsr, mmx, sse, sse2, sse3, ssse3, sse4.1, sse4.2, popcnt, avx, avx2, aes, clmul, erms, 3dnowpref, lzcnt, ht, tsc, tscinvbit, bmi1, bmi2, adx, fma

Memory: 4k page, system-wide physical 7985M (488M free)
TotalPageFile size 16053M (AvailPageFile size 9M)
current process WorkingSet (physical memory assigned to process): 56M, peak: 56M
current process commit charge ("private bytes"): 215M, peak: 219M

vm_info: OpenJDK 64-Bit Server VM (14.0.2+12-46) for windows-amd64 JRE (14.0.2+12-46), built on Jul  9 2020 00:31:16 by "mach5one" with MS VC++ 15.9 (VS2017)

END.
